<?xml version="1.0" encoding="utf-8"?><testsuites><testsuite name="pytest" errors="0" failures="0" skipped="0" tests="4" time="0.013" timestamp="2025-09-04T17:31:23.861755-03:00" hostname="MacBook-Pro-de-Leonardo.local"><testcase classname="tests.test_core" name="test_celsius_fahrenheit_ida_volta" time="0.000" /><testcase classname="tests.test_core" name="test_celsius_kelvin_basico" time="0.000" /><testcase classname="tests.test_core" name="test_km_milhas_ida_volta" time="0.000" /><testcase classname="tests.test_core" name="test_kg_lb_ida_volta" time="0.000" /></testsuite></testsuites>